2020-05-11 19:00:30 INFO  init login filter
2020-05-11 19:00:30 INFO  init admin filter
2020-05-11 19:00:30 INFO  creating connection to database
2020-05-11 19:00:30 DEBUG connection was created successfully
2020-05-11 19:00:30 INFO  filtering request
2020-05-11 19:00:30 INFO  creating connection to database
2020-05-11 19:00:30 DEBUG connection was created successfully
2020-05-11 19:00:30 INFO  creating connection to database
2020-05-11 19:00:30 DEBUG connection was created successfully
2020-05-11 19:00:31 INFO  load login.jsp page
2020-05-11 19:00:34 INFO  filtering request
2020-05-11 19:00:34 DEBUG find user by email mail@mail
2020-05-11 19:00:34 INFO  filtering request
2020-05-11 19:00:34 DEBUG find all products
2020-05-11 19:00:38 INFO  filtering request
2020-05-11 19:00:38 DEBUG find all products
2020-05-11 19:00:39 INFO  filtering request
2020-05-11 19:00:39 DEBUG find all products
2020-05-11 19:00:44 INFO  filtering request
2020-05-11 19:00:44 INFO  exit from all pages to login.jsp page
2020-05-11 19:00:44 INFO  filtering request
2020-05-11 19:00:44 INFO  load login.jsp page
2020-05-11 19:00:48 INFO  filtering request
2020-05-11 19:00:48 DEBUG find user by email admin@mail
2020-05-11 19:00:48 INFO  filtering request
2020-05-11 19:00:48 DEBUG find all products
